<?xml version="1.0" encoding="utf-8"?>
<!DOCTYPE hibernate-configuration PUBLIC
        "-//Hibernate/Hibernate Configuration DTD 3.0//EN"
        "http://hibernate.sourceforge.net/hibernate-configuration-3.0.dtd">

<hibernate-configuration>
	<session-factory>
		<mapping resource="OpdTestOrder.hbm.xml" />
		<mapping resource="BillableService.hbm.xml" />
		<mapping resource="BillingReceipt.hbm.xml" />
		<mapping resource="PatientServiceBill.hbm.xml" />
		<mapping resource="PatientServiceBillItem.hbm.xml" />
	</session-factory>
</hibernate-configuration>
