<?xml version="1.0" encoding="utf-8"?>
<!DOCTYPE hibernate-configuration PUBLIC
        "-//Hibernate/Hibernate Configuration DTD 3.0//EN"
        "http://hibernate.sourceforge.net/hibernate-configuration-3.0.dtd">

<hibernate-configuration>
	<session-factory>
		<mapping resource="OpdTestOrder.hbm.xml" />
		<mapping resource="BillableService.hbm.xml" />
		<mapping resource="BillingReceipt.hbm.xml" />
		<mapping resource="PatientServiceBill.hbm.xml" />
		<mapping resource="PatientServiceBillItem.hbm.xml" />
		<mapping resource="CategoryLocation.hbm.xml" />
		<mapping resource="ConsentTemplate.hbm.xml" />
		<mapping resource="Driver.hbm.xml" />
		<mapping resource="Ambulance.hbm.xml" />
		<mapping resource="InventoryDrugCategory.hbm.xml" />
		<mapping resource="InventoryDrugFormulation.hbm.xml" />
		<mapping resource="InventoryDrugUnit.hbm.xml" />
		<mapping resource="InventoryDrug.hbm.xml" />
		<mapping resource="InventoryStore.hbm.xml" />
		<mapping resource="InventoryStoreDrugTransaction.hbm.xml" />
		<mapping resource="InventoryStoreDrugIndent.hbm.xml" />
		<mapping resource="InventoryStoreDrugTransactionDetail.hbm.xml" />
	</session-factory>
</hibernate-configuration>
